



















*** Start of file reactiveopf.run at Mon May 13 15:59:33 2024

** Reading algorithmic controls and parameters in file
PARAM_ALGO_VALUES [*] :=
                                    PQmax 9000
                                    Pnull    0.01
                                    Znull    0.0001
               buses_with_reactive_slacks CONFIGURED
                              coeff_alpha    1
                              defaultPmax 1000
                              defaultPmin    0
                     defaultQmaxPmaxRatio    0.3
        default_constraint_scaling_factor    1
          default_variable_scaling_factor    1
                  epsilon_nominal_voltage    1
                    ignore_voltage_bounds    0
                           log_level_ampl INFO
                         log_level_knitro    2
         max_plausible_high_voltage_limit    1.5
          min_plausible_low_voltage_limit    0.5
                           minimalQPrange    1
                         objective_choice    1
                     ratio_voltage_target    0.7
   reactive_slack_variable_scaling_factor    0.1
transformer_ratio_variable_scaling_factor    0.001
;

Parameter: log level of ampl := INFO
Parameter: log level of knitro := 2
Parameter: choice for objective function := 1 (voltage targets are Vmin+ratio*(Vmax-Vmin))
Parameter: ratio for voltage target is := 0.700000 (70.00%)
Parameter: coeff_alpha to choose wether generation vary homogeneously (coeff_alpha=1) or independantly (coeff_alpha=0) is := 1.00
Parameter: threshold to decide wether an active or reactive power value is zero Pnull:=0.01 (MW or Mvar or MVA)
Parameter: threshold to detect zero impedance branch Znull:=0.0001 pu
Parameter: for consistency checks of minimum nominal voltages epsilon_nominal_voltage:= 1 kV
Parameter: for consistency of voltage bounds, min_plausible_low_voltage_limit:= 0.5 pu
Parameter: for consistency of voltage bounds, max_plausible_high_voltage_limit:= 1.5 pu
Parameter: choice for buses with reactive slacks in ACOPF := 'CONFIGURED' (buses given as parameters in param_buses_with_reactive_slack.txt)
Parameter: maximum for generating units parameters Pmin Pmax Qmin Qmax = 9000 MW or Mvar
Parameter: defaultPmax = 1000 MW
Parameter: defaultPmin = 0 MW
Parameter: defaultQmaxPmaxRatio = 0.3 Mvar/MW
Parameter: defaultQmin = -300 Mvar
Parameter: defaultQmax = 300 Mvar
Parameter: minimalQPrange = 1 MW or Mvar
Parameter: default scaling factor for variables := 1.000
Parameter: default scaling factor for constraints := 1.000
Parameter: scaling factor for reactive slack variables := 0.100
Parameter: scaling factor for tranformer ratio variables := 0.001

Computation of bus with largest number of branches connected, in order to fix phase to 0 and to choose on which connex component reacive OPF will run
Bus 135kV with most branches: 4 in substation VL4/VL4 with 5 connected branches

######################################################################
** CCcomp solve: start (Mon May 13 15:59:33 2024)

Artelys Knitro 13.2.0: outlev=3

=======================================
          Commercial License
         Artelys Knitro 13.2.0
=======================================

No start point provided -- Knitro computing one.

Knitro presolve eliminated 13 variables and 21 constraints.

concurrent_evals:        0
datacheck:               0
hessian_no_f:            1
outlev:                  3
The problem is identified as an LP.
The problem is identified as bound constrained only.
Knitro fixing 12 variables eliminated from the presolve.

Problem Characteristics                                 (   Presolved)
-----------------------
Objective goal:  Maximize
Objective type:  linear
Number of variables:                                 14 (           1)
    bounded below only:                               0 (           0)
    bounded above only:                               0 (           0)
    bounded below and above:                         14 (           0)
    fixed:                                            0 (           1)
    free:                                             0 (           0)
Number of constraints:                               21 (           0)
    linear equalities:                               21 (           0)
    quadratic equalities:                             0 (           0)
    gen. nonlinear equalities:                        0 (           0)
    linear one-sided inequalities:                    0 (           0)
    quadratic one-sided inequalities:                 0 (           0)
    gen. nonlinear one-sided inequalities:            0 (           0)
    linear two-sided inequalities:                    0 (           0)
    quadratic two-sided inequalities:                 0 (           0)
    gen. nonlinear two-sided inequalities:            0 (           0)
Number of nonzeros in Jacobian:                      41 (           0)
Number of nonzeros in Hessian:                        0 (           0)

WARNING: Problem has more equality constraints than variables.

Knitro using the Interior-Point/Barrier Direct algorithm.

  Iter      Objective      FeasError   OptError    ||Step||    CGits 
--------  --------------  ----------  ----------  ----------  -------
       0    0.000000e+00   0.000e+00

EXIT: Optimal solution found.

Final Statistics
----------------
Final objective value               =   0.00000000000000e+00
Final feasibility error (abs / rel) =   0.00e+00 / 0.00e+00
Final optimality error  (abs / rel) =   9.99e-16 / 9.99e-16
# of iterations                     =          0 
# of CG iterations                  =          0 
# of function evaluations           =          0
# of gradient evaluations           =          0
# of Hessian evaluations            =          0
Total program time (secs)           =       0.000 (     0.000 CPU time)
Time spent in evaluations (secs)    =       0.000

===============================================================================

Knitro 13.2.0: Locally optimal or satisfactory solution.
objective 0; feasibility error 0
0 iterations; 0 function evaluations

suffix feaserror OUT;
suffix opterror OUT;
suffix numfcevals OUT;
suffix numiters OUT;

** CCcomp solve: end   (Mon May 13 15:59:33 2024 -> Mon May 13 15:59:33 2024)
######################################################################


######################################################################
** CCcomp results
Nb of busses in AC+DC CC: 14
Nb of busses in CC 'VL4_0': 14
Nb of busses in other CCs: 0

maximal_voltage_upper_bound = 1.5
minimal_voltage_lower_bound = 0.5
card(SUBSTATIONS) = 14
card(BUS) = 14
card(BUS2) = 14
card(BUSCC) = 14
card(BUS2 diff BUSCC) = 0
card(BUSVV) = 14
card(BUSCC_SLACK) = 0
card(BUSCC diff BUSCC_SLACK) = 14
card(BRANCH) = 20
card(BRANCHCC) = 20
card(BRANCHZNULL) = 0
card(BRANCHCC diff BRANCHZNULL) = 20
card(UNIT) = 5
card(UNITCC) = 5
card(UNITON) = 2
card(UNITON diff UNIT_FIXQ) = 2
card(UNIT_FIXQ) = 0
card(LOAD) = 11
card(LOADCC) = 11
card(SHUNTCC) = 1
card(SHUNT_FIX) = 1
card(SHUNT_VAR) = 0
card(SVC) = 0
card(SVCCC) = 0
card(SVCON) = 0
card(VSCCONV) = 0
card(VSCCONVON) = 0
card(LCCCONV) = 0
card(LCCCONVON) = 0

HVDC injections (homogeneous to loads):
Sum of HVDC conv.  H: 0 MW
Sum of loads       C: 259 MW
Sum of generations P: 272 MW
  (including batteries for 0.0 MW
Balance    (P-C-H)/C: 5.17 %    (global_initial_losses_ratio=0.051737)

Branch 'L6-11-1' Fmax=2078.38MW is small ; Vnom1=12kV Vnom2=12kV patl1=-99999A patl2=-99999A (Fmax not used, this is just for information)
Branch 'L6-12-1' Fmax=2078.38MW is small ; Vnom1=12kV Vnom2=12kV patl1=-99999A patl2=-99999A (Fmax not used, this is just for information)
Branch 'L6-13-1' Fmax=2078.38MW is small ; Vnom1=12kV Vnom2=12kV patl1=-99999A patl2=-99999A (Fmax not used, this is just for information)
Branch 'L7-9-1' Fmax=2424.78MW is small ; Vnom1=14kV Vnom2=12kV patl1=-99999A patl2=-99999A (Fmax not used, this is just for information)
Branch 'L9-10-1' Fmax=2078.38MW is small ; Vnom1=12kV Vnom2=12kV patl1=-99999A patl2=-99999A (Fmax not used, this is just for information)
Branch 'L9-14-1' Fmax=2078.38MW is small ; Vnom1=12kV Vnom2=12kV patl1=-99999A patl2=-99999A (Fmax not used, this is just for information)
Branch 'L10-11-1' Fmax=2078.38MW is small ; Vnom1=12kV Vnom2=12kV patl1=-99999A patl2=-99999A (Fmax not used, this is just for information)
Branch 'L12-13-1' Fmax=2078.38MW is small ; Vnom1=12kV Vnom2=12kV patl1=-99999A patl2=-99999A (Fmax not used, this is just for information)
Branch 'L13-14-1' Fmax=2078.38MW is small ; Vnom1=12kV Vnom2=12kV patl1=-99999A patl2=-99999A (Fmax not used, this is just for information)
If voltage lower bounds are missing or too small, they are set to 0.500pu
If voltage upper bounds are missing or too high,  they are set to 1.500pu
Maximal diameter of voltage interval: 0.600
Minimal diameter of voltage interval: 0.600
Minimal transformer ratio : Infinity
Maximal transformer ratio : -Infinity

WARNING Correction of P/Q units domains:
'unit_Pmax' for 'B1-G' is 9999 -> corrected to 1000
'unit_Pmin' for 'B1-G' is -9999 -> corrected to 0
'unit_Pmax' for 'B2-G' is 9999 -> corrected to 1000
'unit_Pmin' for 'B2-G' is -9999 -> corrected to 0

Few information on P/Q units domains:
Raw extremal values: -9999 <= 'unit_Pmin' <= -9999
Active generation:   40 <= 'unit_Pc' <= 232.4
Raw extremal values: 9999 <= 'unit_Pmax' <= 9999
Raw extremal values: -1.79769e+308 <= 'unit_qP' <= -40
Raw extremal values: -1.79769e+308 <= 'unit_qp' <= -40
Raw extremal values: 50 <= 'unit_QP' <= 1.79769e+308
Raw extremal values: 50 <= 'unit_Qp' <= 1.79769e+308
Corrected extremal values: 0 <= 'corrected_unit_Pmin' <= 0
Corrected extremal values: 1000 <= 'corrected_unit_Pmax' <= 1000
Corrected extremal values: -300 <= 'corrected_unit_qP' <= -40
Corrected extremal values: -300 <= 'corrected_unit_qp' <= -40
Corrected extremal values: 50 <= 'corrected_unit_QP' <= 300
Corrected extremal values: 50 <= 'corrected_unit_Qp' <= 300

######################################################################
** DCopf solve: start (Mon May 13 15:59:33 2024)

Artelys Knitro 13.2.0: outlev=3

=======================================
          Commercial License
         Artelys Knitro 13.2.0
=======================================

No start point provided -- Knitro computing one.

Knitro presolve eliminated 0 variables and 0 constraints.

concurrent_evals:        0
datacheck:               0
hessian_no_f:            1
outlev:                  3
The problem is identified as a convex QP.

Problem Characteristics                                 (   Presolved)
-----------------------
Objective goal:  Minimize
Objective type:  quadratic
Number of variables:                                 63 (          63)
    bounded below only:                              28 (          28)
    bounded above only:                               0 (           0)
    bounded below and above:                         13 (          13)
    fixed:                                            0 (           0)
    free:                                            22 (          22)
Number of constraints:                               34 (          34)
    linear equalities:                               34 (          34)
    quadratic equalities:                             0 (           0)
    gen. nonlinear equalities:                        0 (           0)
    linear one-sided inequalities:                    0 (           0)
    quadratic one-sided inequalities:                 0 (           0)
    gen. nonlinear one-sided inequalities:            0 (           0)
    linear two-sided inequalities:                    0 (           0)
    quadratic two-sided inequalities:                 0 (           0)
    gen. nonlinear two-sided inequalities:            0 (           0)
Number of nonzeros in Jacobian:                     125 (         125)
Number of nonzeros in Hessian:                        2 (           2)

Knitro using the Interior-Point/Barrier Direct algorithm.

  Iter      Objective      FeasError   OptError    ||Step||    CGits 
--------  --------------  ----------  ----------  ----------  -------
       0    5.369505e+04   2.160e+03
       1    5.369505e+04   2.160e+03   5.786e+00   3.086e+02        0
       2    2.810597e+02   1.079e+01   4.090e-02   3.081e+02        0
       3    2.931565e+01   5.397e-02   2.045e-04   1.570e+00        0
       4    2.805829e+01   2.698e-04   1.022e-06   7.852e-03        0

EXIT: Optimal solution found.

Final Statistics
----------------
Final objective value               =   2.80582905864162e+01
Final feasibility error (abs / rel) =   2.70e-04 / 1.25e-07
Final optimality error  (abs / rel) =   1.02e-06 / 1.02e-08
# of iterations                     =          4 
# of CG iterations                  =          0 
# of function evaluations           =          0
# of gradient evaluations           =          0
# of Hessian evaluations            =          0
Total program time (secs)           =       0.002 (     0.016 CPU time)
Time spent in evaluations (secs)    =       0.000

===============================================================================

Knitro 13.2.0: Locally optimal or satisfactory solution.
objective 28.05829059; feasibility error 0.00027
4 iterations; 0 function evaluations

** DCopf solve: end   (Mon May 13 15:59:33 2024 -> Mon May 13 15:59:33 2024)
######################################################################


######################################################################
** DCopf results
OK all slack variables for DCOPF are null
Maximum flow: 149.66 MW
Maximum flow 149.66 MW is on branch 'L1-2-1'
Maximum deviation between generation and target: 11.31 MW
Generating unit 'B1-G' : Pc=232.40MW P=221.09MW (Pmin=-9999.00MW Pmax=9999.00MW)
Sum of HVDC conv.  H: 0 MW
Sum of loads       C: 259 MW
Sum of generations P: 259 MW
Balance    (P-C-H)/C: -0.00 %

teta_max = 3.18579
teta_min = -3.11751
max({n in BUSCC} (teta_dc[n])) = 0.185788
min({n in BUSCC} (teta_dc[n])) = -0.117511
max({(qq,m,n) in BRANCHCC} (teta_dc[m] - teta_dc[n])) = 0.15933
min({(qq,m,n) in BRANCHCC} (teta_dc[m] - teta_dc[n])) = -0.0413681

Branches with large Delta Teta:
'L1-5-1' R=0.0540 X=0.2230 delta=0.16 teta_m=0.19 teta_n=0.03 F=71.44
'L3-4-1' R=0.0670 X=0.1710 delta=-0.04 teta_m=-0.04 teta_n=0.00 F=-24.19

######################################################################
** ACopf solve: start (Mon May 13 15:59:33 2024)

Artelys Knitro 13.2.0: opttol=1
opttolabs=1e-1
feastol=1
feastolabs=1e-3
maxit=200
outlev=3

=======================================
          Commercial License
         Artelys Knitro 13.2.0
=======================================

Knitro presolve eliminated 0 variables and 0 constraints.

concurrent_evals:        0
datacheck:               0
feastol:                 1
hessian_no_f:            1
maxit:                   200
opttol:                  1
opttol_abs:              0.1
outlev:                  3

Problem Characteristics                                 (   Presolved)
-----------------------
Objective goal:  Minimize
Objective type:  quadratic
Number of variables:                                 30 (          30)
    bounded below only:                               0 (           0)
    bounded above only:                               0 (           0)
    bounded below and above:                         30 (          30)
    fixed:                                            0 (           0)
    free:                                             0 (           0)
Number of constraints:                               28 (          28)
    linear equalities:                                0 (           0)
    quadratic equalities:                             0 (           0)
    gen. nonlinear equalities:                       28 (          28)
    linear one-sided inequalities:                    0 (           0)
    quadratic one-sided inequalities:                 0 (           0)
    gen. nonlinear one-sided inequalities:            0 (           0)
    linear two-sided inequalities:                    0 (           0)
    quadratic two-sided inequalities:                 0 (           0)
    gen. nonlinear two-sided inequalities:            0 (           0)
Number of nonzeros in Jacobian:                     208 (         208)
Number of nonzeros in Hessian:                      112 (         112)

Knitro using the Interior-Point/Barrier Direct algorithm.

  Iter      Objective      FeasError   OptError    ||Step||    CGits 
--------  --------------  ----------  ----------  ----------  -------
       0    4.571230e+01   1.933e+02
       1    3.214632e+01   9.234e+01   1.138e+00   8.192e+01        0
       2    3.610677e+01   4.704e+01   2.013e+00   2.860e+01        0
       3    3.706269e+01   9.912e+00   7.837e+00   4.769e+01        0
       4    3.514870e+01   2.015e+00   2.866e-01   2.163e+01        0
       5    3.517035e+01   1.885e-01   1.819e-02   4.030e+00        0
       6    3.517336e+01   4.368e-03   2.458e-04   4.182e+00        0
       7    3.517338e+01   1.191e-05   1.006e-06   2.994e-02        0

EXIT: Locally optimal solution found.

Final Statistics
----------------
Final objective value               =   3.51733795644124e+01
Final feasibility error (abs / rel) =   1.19e-05 / 6.16e-08
Final optimality error  (abs / rel) =   1.01e-06 / 5.82e-08
# of iterations                     =          7 
# of CG iterations                  =          0 
# of function evaluations           =          8
# of gradient evaluations           =          8
# of Hessian evaluations            =          7
Total program time (secs)           =       0.001 (     0.016 CPU time)
Time spent in evaluations (secs)    =       0.000

===============================================================================

Knitro 13.2.0: Locally optimal or satisfactory solution.
objective 35.17337956; feasibility error 1.19e-05
7 iterations; 8 function evaluations

** ACopf solve: end   (Mon May 13 15:59:33 2024 -> Mon May 13 15:59:33 2024)
######################################################################


######################################################################
** ACopf results
nb_iter_last = 7
nb_iter_total = 7
max({(qq,m,n) in BRANCHCC} (branch_R[1,qq,m,n])) = 0.22092
max({(qq,m,n) in BRANCHCC} (branch_X[1,qq,m,n])) = 0.55618
teta_max = 3.18579
max({n in BUSCC} (teta[n])) = 0.221981
max({n in BUSCC} (teta_dc[n])) = 0.185788
teta_min = -3.11751
min({n in BUSCC} (teta[n])) = -0.184144
min({n in BUSCC} (teta_dc[n])) = -0.117511
max({(qq,m,n) in BRANCHCC} (teta[m] - teta[n])) = 0.192356
max({(qq,m,n) in BRANCHCC} (teta_dc[m] - teta_dc[n])) = 0.15933
min({(qq,m,n) in BRANCHCC} (teta[m] - teta[n])) = -0.0633503
min({(qq,m,n) in BRANCHCC} (teta_dc[m] - teta_dc[n])) = -0.0413681
min({n in BUSCC} (V[n])) = 0.7
max({n in BUSCC} (V[n])) = 1.18972

'L2-3-1' R=0.047 X=0.198 delta=0.19 Vm=0.881 0.13 Vn=0.782 -0.06 P1=74.4 Q1=31.3 P2=-79.3 Q2=-19.7 
'L3-4-1' R=0.067 X=0.171 delta=-0.06 Vm=0.782 -0.06 Vn=0.807 0.00 P1=-23.8 Q1=-1.6 P2=23.7 Q2=2.3 

*** End of file reactiveopf.run at Mon May 13 15:59:33 2024 : Optimization successfull
*** Elapsed time since start : 0.015000(s)
